<?xml version="1.0" encoding="UTF-8"?>
<testng-results skipped="0" failed="0" total="1" passed="1">
  <reporter-output>
  </reporter-output>
  <suite name="Default suite" duration-ms="13847" started-at="2016-02-08T19:28:39Z" finished-at="2016-02-08T19:28:52Z">
    <groups>
    </groups>
    <test name="Default test" duration-ms="13847" started-at="2016-02-08T19:28:39Z" finished-at="2016-02-08T19:28:52Z">
      <class name="eabramovich.LoginTest">
        <test-method status="PASS" signature="init()[pri:0, instance:eabramovich.LoginTest@7dc36524]" name="init" is-config="true" duration-ms="8783" started-at="2016-02-08T22:28:39Z" finished-at="2016-02-08T22:28:47Z">
          <reporter-output>
          </reporter-output>
        </test-method> <!-- init -->
        <test-method status="PASS" signature="testUntitled()[pri:0, instance:eabramovich.LoginTest@7dc36524]" name="testUntitled" duration-ms="5040" started-at="2016-02-08T22:28:47Z" finished-at="2016-02-08T22:28:52Z">
          <reporter-output>
          </reporter-output>
        </test-method> <!-- testUntitled -->
        <test-method status="PASS" signature="tearDown()[pri:0, instance:eabramovich.LoginTest@7dc36524]" name="tearDown" is-config="true" duration-ms="1974" started-at="2016-02-08T22:28:53Z" finished-at="2016-02-08T22:28:55Z">
          <reporter-output>
          </reporter-output>
        </test-method> <!-- tearDown -->
      </class> <!-- eabramovich.LoginTest -->
    </test> <!-- Default test -->
  </suite> <!-- Default suite -->
</testng-results>
