<?xml version="1.0" encoding="UTF-8"?>
<testng-results skipped="0" failed="0" total="1" passed="1">
  <reporter-output>
  </reporter-output>
  <suite name="Default suite" duration-ms="10766" started-at="2016-02-23T18:50:33Z" finished-at="2016-02-23T18:50:44Z">
    <groups>
    </groups>
    <test name="Default test" duration-ms="10766" started-at="2016-02-23T18:50:33Z" finished-at="2016-02-23T18:50:44Z">
      <class name="eabramovich.RemoveFilmTest">
        <test-method status="PASS" signature="init()[pri:0, instance:eabramovich.RemoveFilmTest@7d417077]" name="init" is-config="true" duration-ms="6025" started-at="2016-02-23T21:50:33Z" finished-at="2016-02-23T21:50:39Z">
          <reporter-output>
          </reporter-output>
        </test-method> <!-- init -->
        <test-method status="PASS" signature="checkRemoveFilm()[pri:0, instance:eabramovich.RemoveFilmTest@7d417077]" name="checkRemoveFilm" duration-ms="4722" started-at="2016-02-23T21:50:39Z" finished-at="2016-02-23T21:50:44Z">
          <reporter-output>
          </reporter-output>
        </test-method> <!-- checkRemoveFilm -->
        <test-method status="PASS" signature="tearDown()[pri:0, instance:eabramovich.RemoveFilmTest@7d417077]" name="tearDown" is-config="true" duration-ms="1474" started-at="2016-02-23T21:50:44Z" finished-at="2016-02-23T21:50:46Z">
          <reporter-output>
          </reporter-output>
        </test-method> <!-- tearDown -->
      </class> <!-- eabramovich.RemoveFilmTest -->
    </test> <!-- Default test -->
  </suite> <!-- Default suite -->
</testng-results>
